<?xml version="1.0" encoding="UTF-8"?>
<testsuite xmlns:xsi="http://www.w3.org/2001/XMLSchema-instance" xsi:noNamespaceSchemaLocation="https://maven.apache.org/surefire/maven-surefire-plugin/xsd/surefire-test-report.xsd" name="com.AdactinRunner.Test_Runner" time="17.704" tests="30" errors="0" skipped="0" failures="0">
  <properties>
[...]
</properties>
  <testcase name="Given user Launches The Web Application" classname="Scenario: User Login In To The Web Application" time="0.004"/>
  <testcase name="When user Enter Valid Username In Usename Field" classname="Scenario: User Login In To The Web Application" time="0"/>
  <testcase name="And user Enter The Password In Password Field" classname="Scenario: User Login In To The Web Application" time="0"/>
  <testcase name="Then user Clicks Login Button The Page Should Be Navigate To Search Page" classname="Scenario: User Login In To The Web Application" time="0"/>
  <testcase name="Scenario: User Login In To The Web Application" classname="Scenario: User Login In To The Web Application" time="0.003"/>
  <testcase name="When user Select Location From The Location Dropdown" classname="Scenario: Search Hotel From Search Hotel Page" time="0"/>
  <testcase name="And select Hotel From Hotels Dropdown" classname="Scenario: Search Hotel From Search Hotel Page" time="0"/>
  <testcase name="And select Roomtype From Room Type Dropdown" classname="Scenario: Search Hotel From Search Hotel Page" time="0"/>
  <testcase name="And select Number Of Rooms From Number Of Rooms Dropdown" classname="Scenario: Search Hotel From Search Hotel Page" time="0"/>
  <testcase name="And select Check In Date" classname="Scenario: Search Hotel From Search Hotel Page" time="0"/>
  <testcase name="And select Check Out Date" classname="Scenario: Search Hotel From Search Hotel Page" time="0"/>
  <testcase name="And mention Number Of Adult From Adults Per Room Dropdown" classname="Scenario: Search Hotel From Search Hotel Page" time="0"/>
  <testcase name="And mention Number Of Children From Children Per Room Dropdown" classname="Scenario: Search Hotel From Search Hotel Page" time="0"/>
  <testcase name="And clicks Search Button" classname="Scenario: Search Hotel From Search Hotel Page" time="0"/>
  <testcase name="Then it Should Be Navigate To Select Hotel Page" classname="Scenario: Search Hotel From Search Hotel Page" time="0"/>
  <testcase name="Scenario: Search Hotel From Search Hotel Page" classname="Scenario: Search Hotel From Search Hotel Page" time="0"/>
  <testcase name="When select Hotel By Using Radio Button" classname="Scenario: Select Hotel From The Select Hotel Page" time="0"/>
  <testcase name="And clicks Continue" classname="Scenario: Select Hotel From The Select Hotel Page" time="0"/>
  <testcase name="Then it Should Be Navigate To Hotel Booking Page" classname="Scenario: Select Hotel From The Select Hotel Page" time="0"/>
  <testcase name="Scenario: Select Hotel From The Select Hotel Page" classname="Scenario: Select Hotel From The Select Hotel Page" time="0.001"/>
  <testcase name="When user Enter The Username In Username Field" classname="Scenario: Booking A Hotel" time="0"/>
  <testcase name="And user Enter The Last Name" classname="Scenario: Booking A Hotel" time="0.001"/>
  <testcase name="And user Enter The Billing Address In Address Field" classname="Scenario: Booking A Hotel" time="0"/>
  <testcase name="And user Enter The Credit Card Number In Corresponding Field" classname="Scenario: Booking A Hotel" time="0"/>
  <testcase name="And user Select The Credit Card Type From Respective Dropdown" classname="Scenario: Booking A Hotel" time="0"/>
  <testcase name="And user Select Expiry Date From Respective Dropdown" classname="Scenario: Booking A Hotel" time="0"/>
  <testcase name="And user Enter CVV Number" classname="Scenario: Booking A Hotel" time="0"/>
  <testcase name="And clicks Book Now Button" classname="Scenario: Booking A Hotel" time="0"/>
  <testcase name="And user Click The Logout Button" classname="Scenario: Booking A Hotel" time="0"/>
  <testcase name="Scenario: Booking A Hotel" classname="Scenario: Booking A Hotel" time="0"/>
</testsuite>